<?xml version="1.0" encoding="UTF-8"?>
<!-- Generated by org.testng.reporters.JUnitReportReporter -->
<testsuite hostname="DESKTOP-U2SROOD" failures="0" tests="1" name="day26.Demo1" time="19.344" errors="0" timestamp="2023-06-21T22:14:32 IST" skipped="0">
  <testcase classname="day26.Demo1" name="testA" time="19.344"/>
</testsuite> <!-- day26.Demo1 -->
