<?xml version="1.0" encoding="UTF-8"?>
<!-- Generated by org.testng.reporters.JUnitReportReporter -->
<testsuite hostname="DESKTOP-U2SROOD" failures="0" tests="1" name="day27.Demo5" time="0.021" errors="0" timestamp="2023-06-22T14:49:20 IST" skipped="0">
  <testcase classname="day27.Demo5" name="testA" time="0.021">
    <system-out>
      <![CDATA[testA...]]>
    </system-out>
  </testcase> <!-- testA -->
  <system-out>
    <![CDATA[testA...]]>
  </system-out>
</testsuite> <!-- day27.Demo5 -->
